Log file open, 10/16/20 09:48:57
LogWindows: Failed to load 'aqProf.dll' (GetLastError=126)
LogWindows: File 'aqProf.dll' does not exist
LogWindows: Failed to load 'VtuneApi.dll' (GetLastError=126)
LogWindows: File 'VtuneApi.dll' does not exist
LogWindows: Failed to load 'VtuneApi32e.dll' (GetLastError=126)
LogWindows: File 'VtuneApi32e.dll' does not exist
LogConsoleResponse: Display: Failed to find resolution value strings in scalability ini. Falling back to default.
LogInit: Display: Running engine for game: Lab4
LogPlatformFile: Not using cached read wrapper
LogTaskGraph: Started task graph with 5 named threads and 23 total threads with 3 sets of task threads.
LogStats: Stats thread started at 0.445420
LogD3D11RHI: Loaded GFSDK_Aftermath_Lib.x64.dll
LogICUInternationalization: ICU TimeZone Detection - Raw Offset: -5:00, Platform Override: ''
LogPluginManager: Mounting plugin Paper2D
LogPluginManager: Mounting plugin AISupport
LogPluginManager: Mounting plugin LightPropagationVolume
LogPluginManager: Mounting plugin ActorLayerUtilities
LogPluginManager: Mounting plugin AnimationSharing
LogPluginManager: Mounting plugin CLionSourceCodeAccess
LogPluginManager: Mounting plugin CodeLiteSourceCodeAccess
LogPluginManager: Mounting plugin GitSourceControl
LogPluginManager: Mounting plugin KDevelopSourceCodeAccess
LogPluginManager: Mounting plugin NullSourceCodeAccess
LogPluginManager: Mounting plugin PerforceSourceControl
LogPluginManager: Mounting plugin SubversionSourceControl
LogPluginManager: Mounting plugin UObjectPlugin
LogPluginManager: Mounting plugin VisualStudioCodeSourceCodeAccess
LogPluginManager: Mounting plugin VisualStudioSourceCodeAccess
LogPluginManager: Mounting plugin XCodeSourceCodeAccess
LogPluginManager: Mounting plugin AssetManagerEditor
LogPluginManager: Mounting plugin CryptoKeys
LogPluginManager: Mounting plugin CurveEditorTools
LogPluginManager: Mounting plugin DataValidation
LogPluginManager: Mounting plugin FacialAnimation
LogPluginManager: Mounting plugin GameplayTagsEditor
LogPluginManager: Mounting plugin MacGraphicsSwitching
LogPluginManager: Mounting plugin MaterialAnalyzer
LogPluginManager: Mounting plugin MobileLauncherProfileWizard
LogPluginManager: Mounting plugin PluginBrowser
LogPluginManager: Mounting plugin SpeedTreeImporter
LogPluginManager: Mounting plugin DatasmithContent
LogPluginManager: Mounting plugin VariantManagerContent
LogPluginManager: Mounting plugin AlembicImporter
LogPluginManager: Mounting plugin AutomationUtils
LogPluginManager: Mounting plugin BackChannel
LogPluginManager: Mounting plugin CharacterAI
LogPluginManager: Mounting plugin GeometryCache
LogPluginManager: Mounting plugin HTML5Networking
LogPluginManager: Mounting plugin PlatformCrypto
LogPluginManager: Mounting plugin ProxyLODPlugin
LogPluginManager: Mounting plugin SkeletalReduction
LogPluginManager: Mounting plugin MagicLeap
LogPluginManager: Mounting plugin MagicLeapMedia
LogPluginManager: Mounting plugin AndroidMedia
LogPluginManager: Mounting plugin AvfMedia
LogPluginManager: Mounting plugin ImgMedia
LogPluginManager: Mounting plugin MediaCompositing
LogPluginManager: Mounting plugin MediaPlayerEditor
LogPluginManager: Mounting plugin WebMMedia
LogPluginManager: Mounting plugin WmfMedia
LogPluginManager: Mounting plugin TcpMessaging
LogPluginManager: Mounting plugin UdpMessaging
LogPluginManager: Mounting plugin ActorSequence
LogPluginManager: Mounting plugin LevelSequenceEditor
LogPluginManager: Mounting plugin MatineeToLevelSequence
LogPluginManager: Mounting plugin NetcodeUnitTest
LogPluginManager: Mounting plugin NUTUnrealEngine4
LogPluginManager: Mounting plugin OnlineSubsystemGooglePlay
LogPluginManager: Mounting plugin OnlineSubsystemIOS
LogPluginManager: Mounting plugin OnlineSubsystem
LogPluginManager: Mounting plugin OnlineSubsystemNull
LogPluginManager: Mounting plugin OnlineSubsystemUtils
LogPluginManager: Mounting plugin LauncherChunkInstaller
LogPluginManager: Mounting plugin AndroidDeviceProfileSelector
LogPluginManager: Mounting plugin AndroidMoviePlayer
LogPluginManager: Mounting plugin AndroidPermission
LogPluginManager: Mounting plugin AppleImageUtils
LogPluginManager: Mounting plugin AppleMoviePlayer
LogPluginManager: Mounting plugin ArchVisCharacter
LogPluginManager: Mounting plugin AudioCapture
LogPluginManager: Mounting plugin CableComponent
LogPluginManager: Mounting plugin CustomMeshComponent
LogPluginManager: Mounting plugin EditableMesh
LogPluginManager: Mounting plugin ExampleDeviceProfileSelector
LogPluginManager: Mounting plugin GoogleCloudMessaging
LogPluginManager: Mounting plugin IOSDeviceProfileSelector
LogPluginManager: Mounting plugin LinuxDeviceProfileSelector
LogPluginManager: Mounting plugin LocationServicesBPLibrary
LogPluginManager: Mounting plugin MobilePatchingUtils
LogPluginManager: Mounting plugin OculusVR
LogPluginManager: Mounting plugin PhysXVehicles
LogPluginManager: Mounting plugin ProceduralMeshComponent
LogPluginManager: Mounting plugin RuntimePhysXCooking
LogPluginManager: Mounting plugin SignificanceManager
LogPluginManager: Mounting plugin SteamVR
LogPluginManager: Mounting plugin WebMMoviePlayer
LogPluginManager: Mounting plugin WindowsMoviePlayer
LogPluginManager: Mounting plugin ScreenshotTools
LogInit: Using libcurl 7.55.1-DEV
LogInit:  - built for x86_64-pc-win32
LogInit:  - supports SSL with OpenSSL/1.1.1
LogInit:  - supports HTTP deflate (compression) using libz 1.2.8
LogInit:  - other features:
LogInit:      CURL_VERSION_SSL
LogInit:      CURL_VERSION_LIBZ
LogInit:      CURL_VERSION_IPV6
LogInit:      CURL_VERSION_ASYNCHDNS
LogInit:      CURL_VERSION_LARGEFILE
LogInit:      CURL_VERSION_IDN
LogInit:  CurlRequestOptions (configurable via config and command line):
LogInit:  - bVerifyPeer = true  - Libcurl will verify peer certificate
LogInit:  - bUseHttpProxy = false  - Libcurl will NOT use HTTP proxy
LogInit:  - bDontReuseConnections = false  - Libcurl will reuse connections
LogInit:  - MaxHostConnections = 16  - Libcurl will limit the number of connections to a host
LogInit:  - LocalHostAddr = Default
LogInit:  - BufferSize = 65536
LogOnline: OSS: Creating online subsystem instance for: NULL
LogInit: WinSock: version 1.1 (2.2), MaxSocks=32767, MaxUdp=65467
LogInit: Build: ++UE4+Release-4.23-CL-9631420
LogInit: Engine Version: 4.23.1-9631420+++UE4+Release-4.23
LogInit: Compatible Engine Version: 4.23.0-8386587+++UE4+Release-4.23
LogInit: Net CL: 8386587
LogInit: OS: Windows 10 (Release 1903) (), CPU: Intel(R) Core(TM) i5-8250U CPU @ 1.60GHz, GPU: Intel(R) UHD Graphics 620
LogInit: Compiled (64-bit): Oct 18 2019 02:07:44
LogInit: Compiled with Visual C++: 19.16.27030.01
LogInit: Build Configuration: Development
LogInit: Branch Name: ++UE4+Release-4.23
LogInit: Command Line: 
LogInit: Base Directory: C:/Program Files/Epic Games/UE_4.23/Engine/Binaries/Win64/
LogInit: Installed Engine Build: 1
LogDevObjectVersion: Number of dev versions registered: 23
LogDevObjectVersion:   Dev-Blueprints (B0D832E4-1F89-4F0D-ACCF-7EB736FD4AA2): 10
LogDevObjectVersion:   Dev-Build (E1C64328-A22C-4D53-A36C-8E866417BD8C): 0
LogDevObjectVersion:   Dev-Core (375EC13C-06E4-48FB-B500-84F0262A717E): 3
LogDevObjectVersion:   Dev-Editor (E4B068ED-F494-42E9-A231-DA0B2E46BB41): 34
LogDevObjectVersion:   Dev-Framework (CFFC743F-43B0-4480-9391-14DF171D2073): 35
LogDevObjectVersion:   Dev-Mobile (B02B49B5-BB20-44E9-A304-32B752E40360): 2
LogDevObjectVersion:   Dev-Networking (A4E4105C-59A1-49B5-A7C5-40C4547EDFEE): 0
LogDevObjectVersion:   Dev-Online (39C831C9-5AE6-47DC-9A44-9C173E1C8E7C): 0
LogDevObjectVersion:   Dev-Physics (78F01B33-EBEA-4F98-B9B4-84EACCB95AA2): 0
LogDevObjectVersion:   Dev-Platform (6631380F-2D4D-43E0-8009-CF276956A95A): 0
LogDevObjectVersion:   Dev-Rendering (12F88B9F-8875-4AFC-A67C-D90C383ABD29): 31
LogDevObjectVersion:   Dev-Sequencer (7B5AE74C-D270-4C10-A958-57980B212A5A): 11
LogDevObjectVersion:   Dev-VR (D7296918-1DD6-4BDD-9DE2-64A83CC13884): 2
LogDevObjectVersion:   Dev-LoadTimes (C2A15278-BFE7-4AFE-6C17-90FF531DF755): 1
LogDevObjectVersion:   Private-Geometry (6EACA3D4-40EC-4CC1-B786-8BED09428FC5): 3
LogDevObjectVersion:   Dev-AnimPhys (29E575DD-E0A3-4627-9D10-D276232CDCEA): 17
LogDevObjectVersion:   Dev-Anim (AF43A65D-7FD3-4947-9873-3E8ED9C1BB05): 2
LogDevObjectVersion:   Dev-ReflectionCapture (6B266CEC-1EC7-4B8F-A30B-E4D90942FC07): 1
LogDevObjectVersion:   Dev-Automation (0DF73D61-A23F-47EA-B727-89E90C41499A): 1
LogDevObjectVersion:   FortniteMain (601D1886-AC64-4F84-AA16-D3DE0DEAC7D6): 27
LogDevObjectVersion:   Dev-Enterprise (9DFFBCD6-494F-0158-E221-12823C92A888): 6
LogDevObjectVersion:   Dev-Niagara (F2AED0AC-9AFE-416F-8664-AA7FFA26D6FC): 1
LogDevObjectVersion:   Dev-Destruction (174F1F0B-B4C6-45A5-B13F-2EE8D0FB917D): 9
LogInit: Presizing for max 16777216 objects, including 0 objects not considered by GC, pre-allocating 0 bytes for permanent pool.
LogInit: Object subsystem initialized
LogConfig: Setting CVar [[con.DebugEarlyDefault:1]]
LogConfig: Setting CVar [[r.setres:1280x720]]
[2020.10.16-13.48.57:707][  0]LogConfig: Setting CVar [[r.VSync:0]]
[2020.10.16-13.48.57:707][  0]LogConfig: Setting CVar [[r.RHICmdBypass:0]]
[2020.10.16-13.48.57:708][  0]LogConfig: Applying CVar settings from Section [/Script/Engine.RendererSettings] File [C:/Users/Strawberry/Documents/Unreal Projects/Lab4/Saved/Config/Windows/Engine.ini]
[2020.10.16-13.48.57:708][  0]LogConfig: Setting CVar [[r.GPUCrashDebugging:0]]
[2020.10.16-13.48.57:708][  0]LogConfig: Applying CVar settings from Section [/Script/Engine.RendererOverrideSettings] File [C:/Users/Strawberry/Documents/Unreal Projects/Lab4/Saved/Config/Windows/Engine.ini]
[2020.10.16-13.48.57:708][  0]LogConfig: Applying CVar settings from Section [/Script/Engine.StreamingSettings] File [C:/Users/Strawberry/Documents/Unreal Projects/Lab4/Saved/Config/Windows/Engine.ini]
[2020.10.16-13.48.57:708][  0]LogConfig: Setting CVar [[s.MinBulkDataSizeForAsyncLoading:131072]]
[2020.10.16-13.48.57:708][  0]LogConfig: Setting CVar [[s.AsyncLoadingThreadEnabled:0]]
[2020.10.16-13.48.57:708][  0]LogConfig: Setting CVar [[s.EventDrivenLoaderEnabled:1]]
[2020.10.16-13.48.57:708][  0]LogConfig: Setting CVar [[s.WarnIfTimeLimitExceeded:0]]
[2020.10.16-13.48.57:708][  0]LogConfig: Setting CVar [[s.TimeLimitExceededMultiplier:1.5]]
[2020.10.16-13.48.57:708][  0]LogConfig: Setting CVar [[s.TimeLimitExceededMinTime:0.005]]
[2020.10.16-13.48.57:708][  0]LogConfig: Setting CVar [[s.UseBackgroundLevelStreaming:1]]
[2020.10.16-13.48.57:708][  0]LogConfig: Setting CVar [[s.PriorityAsyncLoadingExtraTime:15.0]]
[2020.10.16-13.48.57:708][  0]LogConfig: Setting CVar [[s.LevelStreamingActorsUpdateTimeLimit:5.0]]
[2020.10.16-13.48.57:708][  0]LogConfig: Setting CVar [[s.PriorityLevelStreamingActorsUpdateExtraTime:5.0]]
[2020.10.16-13.48.57:708][  0]LogConfig: Setting CVar [[s.LevelStreamingComponentsRegistrationGranularity:10]]
[2020.10.16-13.48.57:708][  0]LogConfig: Setting CVar [[s.UnregisterComponentsTimeLimit:1.0]]
[2020.10.16-13.48.57:708][  0]LogConfig: Setting CVar [[s.LevelStreamingComponentsUnregistrationGranularity:5]]
[2020.10.16-13.48.57:708][  0]LogConfig: Applying CVar settings from Section [/Script/Engine.GarbageCollectionSettings] File [C:/Users/Strawberry/Documents/Unreal Projects/Lab4/Saved/Config/Windows/Engine.ini]
[2020.10.16-13.48.57:708][  0]LogConfig: Setting CVar [[gc.MaxObjectsNotConsideredByGC:1]]
[2020.10.16-13.48.57:708][  0]LogConfig: Setting CVar [[gc.SizeOfPermanentObjectPool:0]]
[2020.10.16-13.48.57:708][  0]LogConfig: Setting CVar [[gc.FlushStreamingOnGC:0]]
[2020.10.16-13.48.57:708][  0]LogConfig: Setting CVar [[gc.NumRetriesBeforeForcingGC:10]]
[2020.10.16-13.48.57:708][  0]LogConfig: Setting CVar [[gc.AllowParallelGC:1]]
[2020.10.16-13.48.57:708][  0]LogConfig: Setting CVar [[gc.TimeBetweenPurgingPendingKillObjects:61.1]]
[2020.10.16-13.48.57:708][  0]LogConfig: Setting CVar [[gc.MaxObjectsInEditor:16777216]]
[2020.10.16-13.48.57:708][  0]LogConfig: Setting CVar [[gc.IncrementalBeginDestroyEnabled:1]]
[2020.10.16-13.48.57:708][  0]LogConfig: Setting CVar [[gc.CreateGCClusters:1]]
[2020.10.16-13.48.57:708][  0]LogConfig: Setting CVar [[gc.MinGCClusterSize:5]]
[2020.10.16-13.48.57:708][  0]LogConfig: Setting CVar [[gc.ActorClusteringEnabled:0]]
[2020.10.16-13.48.57:708][  0]LogConfig: Setting CVar [[gc.BlueprintClusteringEnabled:0]]
[2020.10.16-13.48.57:708][  0]LogConfig: Setting CVar [[gc.UseDisregardForGCOnDedicatedServers:0]]
[2020.10.16-13.48.57:708][  0]LogConfig: Applying CVar settings from Section [/Script/Engine.NetworkSettings] File [C:/Users/Strawberry/Documents/Unreal Projects/Lab4/Saved/Config/Windows/Engine.ini]
[2020.10.16-13.48.57:708][  0]LogConfig: Applying CVar settings from Section [/Script/UnrealEd.CookerSettings] File [C:/Users/Strawberry/Documents/Unreal Projects/Lab4/Saved/Config/Windows/Engine.ini]
[2020.10.16-13.48.57:713][  0]LogConfig: Applying CVar settings from Section [ViewDistanceQuality@3] File [C:/Users/Strawberry/Documents/Unreal Projects/Lab4/Saved/Config/Windows/Scalability.ini]
[2020.10.16-13.48.57:713][  0]LogConfig: Setting CVar [[r.SkeletalMeshLODBias:0]]
[2020.10.16-13.48.57:713][  0]LogConfig: Setting CVar [[r.ViewDistanceScale:1.0]]
[2020.10.16-13.48.57:713][  0]LogConfig: Applying CVar settings from Section [AntiAliasingQuality@3] File [C:/Users/Strawberry/Documents/Unreal Projects/Lab4/Saved/Config/Windows/Scalability.ini]
[2020.10.16-13.48.57:713][  0]LogConfig: Setting CVar [[r.PostProcessAAQuality:4]]
[2020.10.16-13.48.57:713][  0]LogConfig: Applying CVar settings from Section [ShadowQuality@3] File [C:/Users/Strawberry/Documents/Unreal Projects/Lab4/Saved/Config/Windows/Scalability.ini]
[2020.10.16-13.48.57:713][  0]LogConfig: Setting CVar [[r.LightFunctionQuality:1]]
[2020.10.16-13.48.57:714][  0]LogConfig: Setting CVar [[r.ShadowQuality:5]]
[2020.10.16-13.48.57:714][  0]LogConfig: Setting CVar [[r.Shadow.CSM.MaxCascades:10]]
[2020.10.16-13.48.57:714][  0]LogConfig: Setting CVar [[r.Shadow.MaxResolution:2048]]
[2020.10.16-13.48.57:714][  0]LogConfig: Setting CVar [[r.Shadow.MaxCSMResolution:2048]]
[2020.10.16-13.48.57:714][  0]LogConfig: Setting CVar [[r.Shadow.RadiusThreshold:0.01]]
[2020.10.16-13.48.57:714][  0]LogConfig: Setting CVar [[r.Shadow.DistanceScale:1.0]]
[2020.10.16-13.48.57:714][  0]LogConfig: Setting CVar [[r.Shadow.CSM.TransitionScale:1.0]]
[2020.10.16-13.48.57:714][  0]LogConfig: Setting CVar [[r.Shadow.PreShadowResolutionFactor:1.0]]
[2020.10.16-13.48.57:714][  0]LogConfig: Setting CVar [[r.DistanceFieldShadowing:1]]
[2020.10.16-13.48.57:714][  0]LogConfig: Setting CVar [[r.DistanceFieldAO:1]]
[2020.10.16-13.48.57:714][  0]LogConfig: Setting CVar [[r.AOQuality:2]]
[2020.10.16-13.48.57:714][  0]LogConfig: Setting CVar [[r.VolumetricFog:1]]
[2020.10.16-13.48.57:714][  0]LogConfig: Setting CVar [[r.VolumetricFog.GridPixelSize:8]]
[2020.10.16-13.48.57:714][  0]LogConfig: Setting CVar [[r.VolumetricFog.GridSizeZ:128]]
[2020.10.16-13.48.57:714][  0]LogConfig: Setting CVar [[r.VolumetricFog.HistoryMissSupersampleCount:4]]
[2020.10.16-13.48.57:714][  0]LogConfig: Setting CVar [[r.LightMaxDrawDistanceScale:1]]
[2020.10.16-13.48.57:714][  0]LogConfig: Setting CVar [[r.CapsuleShadows:1]]
[2020.10.16-13.48.57:714][  0]LogConfig: Applying CVar settings from Section [PostProcessQuality@3] File [C:/Users/Strawberry/Documents/Unreal Projects/Lab4/Saved/Config/Windows/Scalability.ini]
[2020.10.16-13.48.57:714][  0]LogConfig: Setting CVar [[r.MotionBlurQuality:4]]
[2020.10.16-13.48.57:714][  0]LogConfig: Setting CVar [[r.AmbientOcclusionMipLevelFactor:0.4]]
[2020.10.16-13.48.57:714][  0]LogConfig: Setting CVar [[r.AmbientOcclusionMaxQuality:100]]
[2020.10.16-13.48.57:714][  0]LogConfig: Setting CVar [[r.AmbientOcclusionLevels:-1]]
[2020.10.16-13.48.57:714][  0]LogConfig: Setting CVar [[r.AmbientOcclusionRadiusScale:1.0]]
[2020.10.16-13.48.57:714][  0]LogConfig: Setting CVar [[r.DepthOfFieldQuality:2]]
[2020.10.16-13.48.57:714][  0]LogConfig: Setting CVar [[r.RenderTargetPoolMin:400]]
[2020.10.16-13.48.57:714][  0]LogConfig: Setting CVar [[r.LensFlareQuality:2]]
[2020.10.16-13.48.57:714][  0]LogConfig: Setting CVar [[r.SceneColorFringeQuality:1]]
[2020.10.16-13.48.57:714][  0]LogConfig: Setting CVar [[r.EyeAdaptationQuality:2]]
[2020.10.16-13.48.57:714][  0]LogConfig: Setting CVar [[r.BloomQuality:5]]
[2020.10.16-13.48.57:714][  0]LogConfig: Setting CVar [[r.FastBlurThreshold:100]]
[2020.10.16-13.48.57:714][  0]LogConfig: Setting CVar [[r.Upscale.Quality:3]]
[2020.10.16-13.48.57:714][  0]LogConfig: Setting CVar [[r.Tonemapper.GrainQuantization:1]]
[2020.10.16-13.48.57:714][  0]LogConfig: Setting CVar [[r.LightShaftQuality:1]]
[2020.10.16-13.48.57:714][  0]LogConfig: Setting CVar [[r.Filter.SizeScale:1]]
[2020.10.16-13.48.57:714][  0]LogConfig: Setting CVar [[r.Tonemapper.Quality:5]]
[2020.10.16-13.48.57:714][  0]LogConfig: Setting CVar [[r.DOF.Gather.AccumulatorQuality:1        ; higher gathering accumulator quality]]
[2020.10.16-13.48.57:714][  0]LogConfig: Setting CVar [[r.DOF.Gather.PostfilterMethod:1          ; Median3x3 postfilering method]]
[2020.10.16-13.48.57:714][  0]LogConfig: Setting CVar [[r.DOF.Gather.EnableBokehSettings:0       ; no bokeh simulation when gathering]]
[2020.10.16-13.48.57:714][  0]LogConfig: Setting CVar [[r.DOF.Gather.RingCount:4                 ; medium number of samples when gathering]]
[2020.10.16-13.48.57:714][  0]LogConfig: Setting CVar [[r.DOF.Scatter.ForegroundCompositing:1    ; additive foreground scattering]]
[2020.10.16-13.48.57:714][  0]LogConfig: Setting CVar [[r.DOF.Scatter.BackgroundCompositing:2    ; additive background scattering]]
[2020.10.16-13.48.57:714][  0]LogConfig: Setting CVar [[r.DOF.Scatter.EnableBokehSettings:1      ; bokeh simulation when scattering]]
[2020.10.16-13.48.57:714][  0]LogConfig: Setting CVar [[r.DOF.Scatter.MaxSpriteRatio:0.1         ; only a maximum of 10% of scattered bokeh]]
[2020.10.16-13.48.57:714][  0]LogConfig: Setting CVar [[r.DOF.Recombine.Quality:1                ; cheap slight out of focus]]
[2020.10.16-13.48.57:714][  0]LogConfig: Setting CVar [[r.DOF.Recombine.EnableBokehSettings:0    ; no bokeh simulation on slight out of focus]]
[2020.10.16-13.48.57:714][  0]LogConfig: Setting CVar [[r.DOF.TemporalAAQuality:1                ; more stable temporal accumulation]]
[2020.10.16-13.48.57:714][  0]LogConfig: Setting CVar [[r.DOF.Kernel.MaxForegroundRadius:0.025]]
[2020.10.16-13.48.57:714][  0]LogConfig: Setting CVar [[r.DOF.Kernel.MaxBackgroundRadius:0.025]]
[2020.10.16-13.48.57:714][  0]LogConfig: Applying CVar settings from Section [TextureQuality@3] File [C:/Users/Strawberry/Documents/Unreal Projects/Lab4/Saved/Config/Windows/Scalability.ini]
[2020.10.16-13.48.57:714][  0]LogConfig: Setting CVar [[r.Streaming.MipBias:0]]
[2020.10.16-13.48.57:714][  0]LogConfig: Setting CVar [[r.Streaming.AmortizeCPUToGPUCopy:0]]
[2020.10.16-13.48.57:714][  0]LogConfig: Setting CVar [[r.Streaming.MaxNumTexturesToStreamPerFrame:0]]
[2020.10.16-13.48.57:714][  0]LogConfig: Setting CVar [[r.Streaming.Boost:1]]
[2020.10.16-13.48.57:714][  0]LogConfig: Setting CVar [[r.MaxAnisotropy:8]]
[2020.10.16-13.48.57:714][  0]LogConfig: Setting CVar [[r.Streaming.LimitPoolSizeToVRAM:0]]
[2020.10.16-13.48.57:714][  0]LogConfig: Setting CVar [[r.Streaming.PoolSize:1000]]
[2020.10.16-13.48.57:714][  0]LogConfig: Setting CVar [[r.Streaming.MaxEffectiveScreenSize:0]]
[2020.10.16-13.48.57:714][  0]LogConfig: Applying CVar settings from Section [EffectsQuality@3] File [C:/Users/Strawberry/Documents/Unreal Projects/Lab4/Saved/Config/Windows/Scalability.ini]
[2020.10.16-13.48.57:714][  0]LogConfig: Setting CVar [[r.TranslucencyLightingVolumeDim:64]]
[2020.10.16-13.48.57:714][  0]LogConfig: Setting CVar [[r.RefractionQuality:2]]
[2020.10.16-13.48.57:714][  0]LogConfig: Setting CVar [[r.SSR.Quality:3]]
[2020.10.16-13.48.57:714][  0]LogConfig: Setting CVar [[r.SceneColorFormat:4]]
[2020.10.16-13.48.57:714][  0]LogConfig: Setting CVar [[r.DetailMode:2]]
[2020.10.16-13.48.57:714][  0]LogConfig: Setting CVar [[r.TranslucencyVolumeBlur:1]]
[2020.10.16-13.48.57:714][  0]LogConfig: Setting CVar [[r.MaterialQualityLevel:1 ; High quality]]
[2020.10.16-13.48.57:714][  0]LogConfig: Setting CVar [[r.SSS.Scale:1]]
[2020.10.16-13.48.57:714][  0]LogConfig: Setting CVar [[r.SSS.SampleSet:2]]
[2020.10.16-13.48.57:714][  0]LogConfig: Setting CVar [[r.SSS.Quality:1]]
[2020.10.16-13.48.57:714][  0]LogConfig: Setting CVar [[r.SSS.HalfRes:1]]
[2020.10.16-13.48.57:715][  0]LogConfig: Setting CVar [[r.EmitterSpawnRateScale:1.0]]
[2020.10.16-13.48.57:715][  0]LogConfig: Setting CVar [[r.ParticleLightQuality:2]]
[2020.10.16-13.48.57:715][  0]LogConfig: Applying CVar settings from Section [FoliageQuality@3] File [C:/Users/Strawberry/Documents/Unreal Projects/Lab4/Saved/Config/Windows/Scalability.ini]
[2020.10.16-13.48.57:715][  0]LogConfig: Setting CVar [[foliage.DensityScale:1.0]]
[2020.10.16-13.48.57:715][  0]LogConfig: Setting CVar [[grass.DensityScale:1.0]]
[2020.10.16-13.48.57:715][  0]LogInit: Selected Device Profile: [Windows]
[2020.10.16-13.48.57:715][  0]LogInit: Applying CVar settings loaded from the selected device profile: [Windows]
[2020.10.16-13.48.57:719][  0]LogHAL: Display: Platform has ~ 8 GB [8461193216 / 8589934592 / 8], which maps to Default [LargestMinGB=32, LargerMinGB=12, DefaultMinGB=8, SmallerMinGB=6, SmallestMinGB=0)
[2020.10.16-13.48.57:719][  0]LogInit: Going up to parent DeviceProfile []
[2020.10.16-13.48.57:719][  0]LogConfig: Applying CVar settings from Section [ViewDistanceQuality@3] File [C:/Users/Strawberry/Documents/Unreal Projects/Lab4/Saved/Config/Windows/Scalability.ini]
[2020.10.16-13.48.57:719][  0]LogConfig: Setting CVar [[r.SkeletalMeshLODBias:0]]
[2020.10.16-13.48.57:719][  0]LogConfig: Setting CVar [[r.ViewDistanceScale:1.0]]
[2020.10.16-13.48.57:719][  0]LogConfig: Applying CVar settings from Section [AntiAliasingQuality@3] File [C:/Users/Strawberry/Documents/Unreal Projects/Lab4/Saved/Config/Windows/Scalability.ini]
[2020.10.16-13.48.57:719][  0]LogConfig: Setting CVar [[r.PostProcessAAQuality:4]]
[2020.10.16-13.48.57:719][  0]LogConfig: Applying CVar settings from Section [ShadowQuality@3] File [C:/Users/Strawberry/Documents/Unreal Projects/Lab4/Saved/Config/Windows/Scalability.ini]
[2020.10.16-13.48.57:719][  0]LogConfig: Setting CVar [[r.LightFunctionQuality:1]]
[2020.10.16-13.48.57:719][  0]LogConfig: Setting CVar [[r.ShadowQuality:5]]
[2020.10.16-13.48.57:719][  0]LogConfig: Setting CVar [[r.Shadow.CSM.MaxCascades:10]]
[2020.10.16-13.48.57:719][  0]LogConfig: Setting CVar [[r.Shadow.MaxResolution:2048]]
[2020.10.16-13.48.57:719][  0]LogConfig: Setting CVar [[r.Shadow.MaxCSMResolution:2048]]
[2020.10.16-13.48.57:719][  0]LogConfig: Setting CVar [[r.Shadow.RadiusThreshold:0.01]]
[2020.10.16-13.48.57:719][  0]LogConfig: Setting CVar [[r.Shadow.DistanceScale:1.0]]
[2020.10.16-13.48.57:719][  0]LogConfig: Setting CVar [[r.Shadow.CSM.TransitionScale:1.0]]
[2020.10.16-13.48.57:719][  0]LogConfig: Setting CVar [[r.Shadow.PreShadowResolutionFactor:1.0]]
[2020.10.16-13.48.57:719][  0]LogConfig: Setting CVar [[r.DistanceFieldShadowing:1]]
[2020.10.16-13.48.57:719][  0]LogConfig: Setting CVar [[r.DistanceFieldAO:1]]
[2020.10.16-13.48.57:719][  0]LogConfig: Setting CVar [[r.AOQuality:2]]
[2020.10.16-13.48.57:719][  0]LogConfig: Setting CVar [[r.VolumetricFog:1]]
[2020.10.16-13.48.57:719][  0]LogConfig: Setting CVar [[r.VolumetricFog.GridPixelSize:8]]
[2020.10.16-13.48.57:719][  0]LogConfig: Setting CVar [[r.VolumetricFog.GridSizeZ:128]]
[2020.10.16-13.48.57:719][  0]LogConfig: Setting CVar [[r.VolumetricFog.HistoryMissSupersampleCount:4]]
[2020.10.16-13.48.57:719][  0]LogConfig: Setting CVar [[r.LightMaxDrawDistanceScale:1]]
[2020.10.16-13.48.57:719][  0]LogConfig: Setting CVar [[r.CapsuleShadows:1]]
[2020.10.16-13.48.57:719][  0]LogConfig: Applying CVar settings from Section [PostProcessQuality@3] File [C:/Users/Strawberry/Documents/Unreal Projects/Lab4/Saved/Config/Windows/Scalability.ini]
[2020.10.16-13.48.57:719][  0]LogConfig: Setting CVar [[r.MotionBlurQuality:4]]
[2020.10.16-13.48.57:719][  0]LogConfig: Setting CVar [[r.AmbientOcclusionMipLevelFactor:0.4]]
[2020.10.16-13.48.57:719][  0]LogConfig: Setting CVar [[r.AmbientOcclusionMaxQuality:100]]
[2020.10.16-13.48.57:719][  0]LogConfig: Setting CVar [[r.AmbientOcclusionLevels:-1]]
[2020.10.16-13.48.57:719][  0]LogConfig: Setting CVar [[r.AmbientOcclusionRadiusScale:1.0]]
[2020.10.16-13.48.57:719][  0]LogConfig: Setting CVar [[r.DepthOfFieldQuality:2]]
[2020.10.16-13.48.57:719][  0]LogConfig: Setting CVar [[r.RenderTargetPoolMin:400]]
[2020.10.16-13.48.57:719][  0]LogConfig: Setting CVar [[r.LensFlareQuality:2]]
[2020.10.16-13.48.57:719][  0]LogConfig: Setting CVar [[r.SceneColorFringeQuality:1]]
[2020.10.16-13.48.57:719][  0]LogConfig: Setting CVar [[r.EyeAdaptationQuality:2]]
[2020.10.16-13.48.57:719][  0]LogConfig: Setting CVar [[r.BloomQuality:5]]
[2020.10.16-13.48.57:719][  0]LogConfig: Setting CVar [[r.FastBlurThreshold:100]]
[2020.10.16-13.48.57:719][  0]LogConfig: Setting CVar [[r.Upscale.Quality:3]]
[2020.10.16-13.48.57:719][  0]LogConfig: Setting CVar [[r.Tonemapper.GrainQuantization:1]]
[2020.10.16-13.48.57:719][  0]LogConfig: Setting CVar [[r.LightShaftQuality:1]]
[2020.10.16-13.48.57:719][  0]LogConfig: Setting CVar [[r.Filter.SizeScale:1]]
[2020.10.16-13.48.57:719][  0]LogConfig: Setting CVar [[r.Tonemapper.Quality:5]]
[2020.10.16-13.48.57:719][  0]LogConfig: Setting CVar [[r.DOF.Gather.AccumulatorQuality:1        ; higher gathering accumulator quality]]
[2020.10.16-13.48.57:719][  0]LogConfig: Setting CVar [[r.DOF.Gather.PostfilterMethod:1          ; Median3x3 postfilering method]]
[2020.10.16-13.48.57:719][  0]LogConfig: Setting CVar [[r.DOF.Gather.EnableBokehSettings:0       ; no bokeh simulation when gathering]]
[2020.10.16-13.48.57:719][  0]LogConfig: Setting CVar [[r.DOF.Gather.RingCount:4                 ; medium number of samples when gathering]]
[2020.10.16-13.48.57:719][  0]LogConfig: Setting CVar [[r.DOF.Scatter.ForegroundCompositing:1    ; additive foreground scattering]]
[2020.10.16-13.48.57:719][  0]LogConfig: Setting CVar [[r.DOF.Scatter.BackgroundCompositing:2    ; additive background scattering]]
[2020.10.16-13.48.57:719][  0]LogConfig: Setting CVar [[r.DOF.Scatter.EnableBokehSettings:1      ; bokeh simulation when scattering]]
[2020.10.16-13.48.57:719][  0]LogConfig: Setting CVar [[r.DOF.Scatter.MaxSpriteRatio:0.1         ; only a maximum of 10% of scattered bokeh]]
[2020.10.16-13.48.57:719][  0]LogConfig: Setting CVar [[r.DOF.Recombine.Quality:1                ; cheap slight out of focus]]
[2020.10.16-13.48.57:719][  0]LogConfig: Setting CVar [[r.DOF.Recombine.EnableBokehSettings:0    ; no bokeh simulation on slight out of focus]]
[2020.10.16-13.48.57:719][  0]LogConfig: Setting CVar [[r.DOF.TemporalAAQuality:1                ; more stable temporal accumulation]]
[2020.10.16-13.48.57:719][  0]LogConfig: Setting CVar [[r.DOF.Kernel.MaxForegroundRadius:0.025]]
[2020.10.16-13.48.57:719][  0]LogConfig: Setting CVar [[r.DOF.Kernel.MaxBackgroundRadius:0.025]]
[2020.10.16-13.48.57:719][  0]LogConfig: Applying CVar settings from Section [TextureQuality@3] File [C:/Users/Strawberry/Documents/Unreal Projects/Lab4/Saved/Config/Windows/Scalability.ini]
[2020.10.16-13.48.57:719][  0]LogConfig: Setting CVar [[r.Streaming.MipBias:0]]
[2020.10.16-13.48.57:719][  0]LogConfig: Setting CVar [[r.Streaming.AmortizeCPUToGPUCopy:0]]
[2020.10.16-13.48.57:719][  0]LogConfig: Setting CVar [[r.Streaming.MaxNumTexturesToStreamPerFrame:0]]
[2020.10.16-13.48.57:719][  0]LogConfig: Setting CVar [[r.Streaming.Boost:1]]
[2020.10.16-13.48.57:719][  0]LogConfig: Setting CVar [[r.MaxAnisotropy:8]]
[2020.10.16-13.48.57:719][  0]LogConfig: Setting CVar [[r.Streaming.LimitPoolSizeToVRAM:0]]
[2020.10.16-13.48.57:719][  0]LogConfig: Setting CVar [[r.Streaming.PoolSize:1000]]
[2020.10.16-13.48.57:719][  0]LogConfig: Setting CVar [[r.Streaming.MaxEffectiveScreenSize:0]]
[2020.10.16-13.48.57:719][  0]LogConfig: Applying CVar settings from Section [EffectsQuality@3] File [C:/Users/Strawberry/Documents/Unreal Projects/Lab4/Saved/Config/Windows/Scalability.ini]
[2020.10.16-13.48.57:719][  0]LogConfig: Setting CVar [[r.TranslucencyLightingVolumeDim:64]]
[2020.10.16-13.48.57:719][  0]LogConfig: Setting CVar [[r.RefractionQuality:2]]
[2020.10.16-13.48.57:719][  0]LogConfig: Setting CVar [[r.SSR.Quality:3]]
[2020.10.16-13.48.57:719][  0]LogConfig: Setting CVar [[r.SceneColorFormat:4]]
[2020.10.16-13.48.57:719][  0]LogConfig: Setting CVar [[r.DetailMode:2]]
[2020.10.16-13.48.57:719][  0]LogConfig: Setting CVar [[r.TranslucencyVolumeBlur:1]]
[2020.10.16-13.48.57:719][  0]LogConfig: Setting CVar [[r.MaterialQualityLevel:1 ; High quality]]
[2020.10.16-13.48.57:719][  0]LogConfig: Setting CVar [[r.SSS.Scale:1]]
[2020.10.16-13.48.57:720][  0]LogConfig: Setting CVar [[r.SSS.SampleSet:2]]
[2020.10.16-13.48.57:720][  0]LogConfig: Setting CVar [[r.SSS.Quality:1]]
[2020.10.16-13.48.57:720][  0]LogConfig: Setting CVar [[r.SSS.HalfRes:1]]
[2020.10.16-13.48.57:720][  0]LogConfig: Setting CVar [[r.EmitterSpawnRateScale:1.0]]
[2020.10.16-13.48.57:720][  0]LogConfig: Setting CVar [[r.ParticleLightQuality:2]]
[2020.10.16-13.48.57:720][  0]LogConfig: Applying CVar settings from Section [FoliageQuality@3] File [C:/Users/Strawberry/Documents/Unreal Projects/Lab4/Saved/Config/Windows/Scalability.ini]
[2020.10.16-13.48.57:720][  0]LogConfig: Setting CVar [[foliage.DensityScale:1.0]]
[2020.10.16-13.48.57:720][  0]LogConfig: Setting CVar [[grass.DensityScale:1.0]]
[2020.10.16-13.48.57:720][  0]LogConfig: Applying CVar settings from Section [Startup] File [../../../Engine/Config/ConsoleVariables.ini]
[2020.10.16-13.48.57:720][  0]LogConfig: Setting CVar [[net.UseAdaptiveNetUpdateFrequency:0]]
[2020.10.16-13.48.57:720][  0]LogConfig: Setting CVar [[p.chaos.AllowCreatePhysxBodies:1]]
[2020.10.16-13.48.57:720][  0]LogConfig: Applying CVar settings from Section [ConsoleVariables] File [C:/Users/Strawberry/Documents/Unreal Projects/Lab4/Saved/Config/Windows/Engine.ini]
[2020.10.16-13.48.57:724][  0]LogInit: Computer: LAPTOP-GP953MF5
[2020.10.16-13.48.57:724][  0]LogInit: User: Strawberry
[2020.10.16-13.48.57:724][  0]LogInit: CPU Page size=4096, Cores=4
[2020.10.16-13.48.57:724][  0]LogInit: High frequency timer resolution =10.000000 MHz
[2020.10.16-13.48.57:724][  0]LogMemory: Memory total: Physical=7.9GB (8GB approx)
[2020.10.16-13.48.57:724][  0]LogMemory: Platform Memory Stats for Windows
[2020.10.16-13.48.57:724][  0]LogMemory: Process Physical Memory: 101.51 MB used, 101.51 MB peak
[2020.10.16-13.48.57:724][  0]LogMemory: Process Virtual Memory: 100.71 MB used, 100.71 MB peak
[2020.10.16-13.48.57:724][  0]LogMemory: Physical Memory: 6905.64 MB used,  1163.58 MB free, 8069.22 MB total
[2020.10.16-13.48.57:724][  0]LogMemory: Virtual Memory: 4668.54 MB used,  134213056.00 MB free, 134217728.00 MB total
[2020.10.16-13.48.57:732][  0]LogWindows: WindowsPlatformFeatures enabled
[2020.10.16-13.48.57:848][  0]LogInit: Using OS detected language (en-US).
[2020.10.16-13.48.57:848][  0]LogInit: Using OS detected locale (en-CA).
[2020.10.16-13.48.57:850][  0]LogTextLocalizationManager: No specific localization for 'en-US' exists, so the 'en' localization will be used.
[2020.10.16-13.48.58:128][  0]LogInit: Setting process to per monitor DPI aware
[2020.10.16-13.48.58:198][  0]LogSlate: New Slate User Created.  User Index 0, Is Virtual User: 0
[2020.10.16-13.48.58:198][  0]LogSlate: Slate User Registered.  User Index 0, Is Virtual User: 0
[2020.10.16-13.48.58:490][  0]LogHMD: Failed to initialize OpenVR with code 110
[2020.10.16-13.48.58:490][  0]LogD3D11RHI: D3D11 adapters:
[2020.10.16-13.48.58:581][  0]LogD3D11RHI:    0. 'Intel(R) UHD Graphics 620' (Feature Level 11_0)
[2020.10.16-13.48.58:581][  0]LogD3D11RHI:       128/0/4034 MB DedicatedVideo/DedicatedSystem/SharedSystem, Outputs:1, VendorId:0x8086
[2020.10.16-13.48.58:594][  0]LogD3D11RHI:    1. 'Microsoft Basic Render Driver' (Feature Level 11_0)
[2020.10.16-13.48.58:594][  0]LogD3D11RHI:       0/0/4034 MB DedicatedVideo/DedicatedSystem/SharedSystem, Outputs:0, VendorId:0x1414
[2020.10.16-13.48.58:594][  0]LogD3D11RHI: Chosen D3D11 Adapter: 0
[2020.10.16-13.48.58:603][  0]LogD3D11RHI: Creating new Direct3DDevice
[2020.10.16-13.48.58:603][  0]LogD3D11RHI:     GPU DeviceId: 0x5917 (for the marketing name, search the web for "GPU Device Id")
[2020.10.16-13.48.58:603][  0]LogWindows: EnumDisplayDevices:
[2020.10.16-13.48.58:603][  0]LogWindows:    0. 'Intel(R) UHD Graphics 620' (P:1 D:1)
[2020.10.16-13.48.58:604][  0]LogWindows:    1. 'Intel(R) UHD Graphics 620' (P:0 D:0)
[2020.10.16-13.48.58:605][  0]LogWindows:    2. 'Intel(R) UHD Graphics 620' (P:0 D:0)
[2020.10.16-13.48.58:606][  0]LogWindows: DebugString: FoundDriverCount:3 
[2020.10.16-13.48.58:606][  0]LogD3D11RHI:     Adapter Name: Intel(R) UHD Graphics 620
[2020.10.16-13.48.58:607][  0]LogD3D11RHI:   Driver Version: 23.20.16.5038 (internal:23.20.16.5038, unified:23.20.16.5038)
[2020.10.16-13.48.58:607][  0]LogD3D11RHI:      Driver Date: 4-18-2018
[2020.10.16-13.48.58:607][  0]LogRHI: Texture pool is 1501 MB (70% of 2145 MB)
[2020.10.16-13.48.58:673][  0]LogD3D11RHI: Async texture creation enabled
[2020.10.16-13.48.58:683][  0]LogD3D11RHI: GPU Timing Frequency: 12.000048 (Debug: 2 0)
[2020.10.16-13.48.59:228][  0]LogTemp: Display: Module 'AllDesktopTargetPlatform' loaded TargetPlatform 'AllDesktop'
[2020.10.16-13.48.59:240][  0]LogTemp: Display: Module 'MacClientTargetPlatform' loaded TargetPlatform 'MacClient'
[2020.10.16-13.48.59:252][  0]LogTemp: Display: Module 'MacNoEditorTargetPlatform' loaded TargetPlatform 'MacNoEditor'
[2020.10.16-13.48.59:265][  0]LogTemp: Display: Module 'MacServerTargetPlatform' loaded TargetPlatform 'MacServer'
[2020.10.16-13.48.59:279][  0]LogTemp: Display: Module 'MacTargetPlatform' loaded TargetPlatform 'Mac'
[2020.10.16-13.48.59:293][  0]LogTemp: Display: Module 'WindowsClientTargetPlatform' loaded TargetPlatform 'WindowsClient'
[2020.10.16-13.48.59:305][  0]LogTemp: Display: Module 'WindowsNoEditorTargetPlatform' loaded TargetPlatform 'WindowsNoEditor'
[2020.10.16-13.48.59:318][  0]LogTemp: Display: Module 'WindowsServerTargetPlatform' loaded TargetPlatform 'WindowsServer'
[2020.10.16-13.48.59:326][  0]LogTemp: Display: Module 'WindowsTargetPlatform' loaded TargetPlatform 'Windows'
[2020.10.16-13.48.59:364][  0]LogTemp: Display: Module 'AndroidTargetPlatform' loaded TargetPlatform 'Android'
[2020.10.16-13.48.59:364][  0]LogTemp: Display: Module 'AndroidTargetPlatform' loaded TargetPlatform 'Android_ASTC'
[2020.10.16-13.48.59:364][  0]LogTemp: Display: Module 'AndroidTargetPlatform' loaded TargetPlatform 'Android_ATC'
[2020.10.16-13.48.59:364][  0]LogTemp: Display: Module 'AndroidTargetPlatform' loaded TargetPlatform 'Android_DXT'
[2020.10.16-13.48.59:364][  0]LogTemp: Display: Module 'AndroidTargetPlatform' loaded TargetPlatform 'Android_ETC1'
[2020.10.16-13.48.59:364][  0]LogTemp: Display: Module 'AndroidTargetPlatform' loaded TargetPlatform 'Android_ETC1a'
[2020.10.16-13.48.59:364][  0]LogTemp: Display: Module 'AndroidTargetPlatform' loaded TargetPlatform 'Android_ETC2'
[2020.10.16-13.48.59:364][  0]LogTemp: Display: Module 'AndroidTargetPlatform' loaded TargetPlatform 'Android_PVRTC'
[2020.10.16-13.48.59:364][  0]LogTemp: Display: Module 'AndroidTargetPlatform' loaded TargetPlatform 'AndroidClient'
[2020.10.16-13.48.59:364][  0]LogTemp: Display: Module 'AndroidTargetPlatform' loaded TargetPlatform 'Android_ASTCClient'
[2020.10.16-13.48.59:364][  0]LogTemp: Display: Module 'AndroidTargetPlatform' loaded TargetPlatform 'Android_ATCClient'
[2020.10.16-13.48.59:364][  0]LogTemp: Display: Module 'AndroidTargetPlatform' loaded TargetPlatform 'Android_DXTClient'
[2020.10.16-13.48.59:364][  0]LogTemp: Display: Module 'AndroidTargetPlatform' loaded TargetPlatform 'Android_ETC1Client'
[2020.10.16-13.48.59:364][  0]LogTemp: Display: Module 'AndroidTargetPlatform' loaded TargetPlatform 'Android_ETC1aClient'
[2020.10.16-13.48.59:364][  0]LogTemp: Display: Module 'AndroidTargetPlatform' loaded TargetPlatform 'Android_ETC2Client'
[2020.10.16-13.48.59:364][  0]LogTemp: Display: Module 'AndroidTargetPlatform' loaded TargetPlatform 'Android_PVRTCClient'
[2020.10.16-13.48.59:364][  0]LogTemp: Display: Module 'AndroidTargetPlatform' loaded TargetPlatform 'Android_Multi'
[2020.10.16-13.48.59:364][  0]LogTemp: Display: Module 'AndroidTargetPlatform' loaded TargetPlatform 'Android_MultiClient'
[2020.10.16-13.48.59:368][  0]LogTemp: Display: Module 'HTML5TargetPlatform' loaded TargetPlatform 'HTML5'
[2020.10.16-13.48.59:393][  0]LogTemp: Display: Module 'IOSTargetPlatform' loaded TargetPlatform 'IOSClient'
[2020.10.16-13.48.59:393][  0]LogTemp: Display: Module 'IOSTargetPlatform' loaded TargetPlatform 'IOS'
[2020.10.16-13.48.59:411][  0]LogTemp: Display: Module 'TVOSTargetPlatform' loaded TargetPlatform 'TVOSClient'
[2020.10.16-13.48.59:411][  0]LogTemp: Display: Module 'TVOSTargetPlatform' loaded TargetPlatform 'TVOS'
[2020.10.16-13.48.59:420][  0]LogTemp: Display: Module 'LinuxClientTargetPlatform' loaded TargetPlatform 'LinuxClient'
[2020.10.16-13.48.59:430][  0]LogTemp: Display: Module 'LinuxNoEditorTargetPlatform' loaded TargetPlatform 'LinuxNoEditor'
[2020.10.16-13.48.59:439][  0]LogTemp: Display: Module 'LinuxServerTargetPlatform' loaded TargetPlatform 'LinuxServer'
[2020.10.16-13.48.59:451][  0]LogTemp: Display: Module 'LinuxTargetPlatform' loaded TargetPlatform 'Linux'
[2020.10.16-13.48.59:482][  0]LogTemp: Display: Module 'LuminTargetPlatform' loaded TargetPlatform 'Lumin'
[2020.10.16-13.48.59:482][  0]LogTemp: Display: Module 'LuminTargetPlatform' loaded TargetPlatform 'LuminClient'
[2020.10.16-13.48.59:483][  0]LogTargetPlatformManager: Display: Building Assets For Windows
[2020.10.16-13.48.59:499][  0]LogAudioDebug: Display: Lib vorbis DLL was dynamically loaded.
[2020.10.16-13.48.59:612][  0]LogShaderCompilers: Guid format shader working directory is -14 characters bigger than the processId version (../../../../../../Users/Strawberry/Documents/Unreal Projects/Lab4/Intermediate/Shaders/WorkingDirectory/4568/).
[2020.10.16-13.48.59:613][  0]LogShaderCompilers: Cleaned the shader compiler working directory 'C:/Users/Strawberry/AppData/Local/Temp/UnrealShaderWorkingDir/4D0C92134E070E0CC5021EBF99C3BF3B/'.
[2020.10.16-13.48.59:617][  0]LogXGEController: Cannot use XGE Controller as Incredibuild is not installed on this machine.
[2020.10.16-13.48.59:617][  0]LogShaderCompilers: Cannot use XGE Shader Compiler as Incredibuild is not installed on this machine.
[2020.10.16-13.48.59:617][  0]LogShaderCompilers: Display: Using Local Shader Compiler.
[2020.10.16-13.49.00:420][  0]LogDerivedDataCache: Display: Max Cache Size: 512 MB
[2020.10.16-13.49.00:467][  0]LogDerivedDataCache: Loaded boot cache 0.05s 73MB C:/Users/Strawberry/AppData/Local/UnrealEngine/4.23/DerivedDataCache/Boot.ddc.
[2020.10.16-13.49.00:468][  0]LogDerivedDataCache: Display: Loaded Boot cache: C:/Users/Strawberry/AppData/Local/UnrealEngine/4.23/DerivedDataCache/Boot.ddc
[2020.10.16-13.49.00:468][  0]LogDerivedDataCache: FDerivedDataBackendGraph:  Pak pak cache file ../../../../../../Users/Strawberry/Documents/Unreal Projects/Lab4/DerivedDataCache/DDC.ddp not found, will not use a pak cache.
[2020.10.16-13.49.00:468][  0]LogDerivedDataCache: Unable to find inner node Pak for hierarchical cache Hierarchy.
[2020.10.16-13.49.00:468][  0]LogDerivedDataCache: FDerivedDataBackendGraph:  CompressedPak pak cache file ../../../../../../Users/Strawberry/Documents/Unreal Projects/Lab4/DerivedDataCache/Compressed.ddp not found, will not use a pak cache.
[2020.10.16-13.49.00:468][  0]LogDerivedDataCache: Unable to find inner node CompressedPak for hierarchical cache Hierarchy.
[2020.10.16-13.49.00:480][  0]LogDerivedDataCache: Display: Pak cache opened for reading ../../../Engine/DerivedDataCache/Compressed.ddp.
[2020.10.16-13.49.00:480][  0]LogDerivedDataCache: FDerivedDataBackendGraph:  EnterprisePak pak cache file ../../../Enterprise/DerivedDataCache/Compressed.ddp not found, will not use a pak cache.
[2020.10.16-13.49.00:480][  0]LogDerivedDataCache: Unable to find inner node EnterprisePak for hierarchical cache Hierarchy.
[2020.10.16-13.49.00:482][  0]LogDerivedDataCache: Using Local data cache path C:/Users/Strawberry/AppData/Local/UnrealEngine/Common/DerivedDataCache: Writable
[2020.10.16-13.49.00:482][  0]LogDerivedDataCache: Shared data cache path not found in *engine.ini, will not use an Shared cache.
[2020.10.16-13.49.00:482][  0]LogDerivedDataCache: Unable to find inner node Shared for hierarchical cache Hierarchy.
[2020.10.16-13.49.00:503][  0]LogMaterial: Verifying Global Shaders for PCD3D_SM5
[2020.10.16-13.49.00:506][  0]LogSlate: Using FreeType 2.6.0
[2020.10.16-13.49.00:507][  0]LogSlate: SlateFontServices - WITH_FREETYPE: 1, WITH_HARFBUZZ: 1
[2020.10.16-13.49.00:627][  0]LogAssetRegistry: FAssetRegistry took 0.0071 seconds to start up
[2020.10.16-13.49.00:964][  0]LogInit: Selected Device Profile: [Windows]
[2020.10.16-13.49.01:186][  0]LogMeshReduction: Using QuadricMeshReduction for automatic static mesh reduction
[2020.10.16-13.49.01:186][  0]LogMeshReduction: Using SimplygonMeshReduction for automatic skeletal mesh reduction
[2020.10.16-13.49.01:186][  0]LogMeshReduction: Using ProxyLODMeshReduction for automatic mesh merging
[2020.10.16-13.49.01:186][  0]LogMeshReduction: No distributed automatic mesh merging module available
[2020.10.16-13.49.01:187][  0]LogMeshMerging: No distributed automatic mesh merging module available
[2020.10.16-13.49.01:204][  0]LogNetVersion: Lab4 1.0.0, NetCL: 8386587, EngineNetVer: 11, GameNetVer: 0 (Checksum: 2244352604)
[2020.10.16-13.49.01:780][  0]LogPackageLocalizationCache: Processed 12 localized package path(s) for 1 prioritized culture(s) in 0.071046 seconds
[2020.10.16-13.49.01:789][  0]LogUObjectArray: 43444 objects as part of root set at end of initial load.
[2020.10.16-13.49.01:790][  0]LogUObjectAllocator: 7548648 out of 0 bytes used by permanent object pool.
[2020.10.16-13.49.01:790][  0]LogUObjectArray: CloseDisregardForGC: 0/0 objects in disregard for GC pool
[2020.10.16-13.49.03:539][  0]LogTcpMessaging: Initializing TcpMessaging bridge
[2020.10.16-13.49.03:545][  0]LogUdpMessaging: Initializing bridge on interface 0.0.0.0:0 to multicast group 230.0.0.1:6666.
[2020.10.16-13.49.03:658][  0]SourceControl: Source control is disabled
[2020.10.16-13.49.03:658][  0]SourceControl: Source control is disabled
[2020.10.16-13.49.03:666][  0]SourceControl: Source control is disabled
[2020.10.16-13.49.03:670][  0]SourceControl: Source control is disabled
[2020.10.16-13.49.03:924][  0]LogAndroidPermission: UAndroidPermissionCallbackProxy::GetInstance
[2020.10.16-13.49.04:170][  0]LogOcInput: OculusInput pre-init called
[2020.10.16-13.49.04:190][  0]LogWindows: Failed to load 'OVRPlugin.dll' (GetLastError=126)
[2020.10.16-13.49.04:190][  0]LogWindows: File 'OVRPlugin.dll' does not exist
[2020.10.16-13.49.04:314][  0]LogEngine: Initializing Engine...
[2020.10.16-13.49.04:316][  0]LogHMD: Failed to initialize OpenVR with code 110
[2020.10.16-13.49.04:317][  0]LogStats: UGameplayTagsManager::InitializeManager -  0.000 s
[2020.10.16-13.49.04:550][  0]LogInit: Initializing FReadOnlyCVARCache
[2020.10.16-13.49.04:584][  0]LogAIModule: Creating AISystem for world Untitled
[2020.10.16-13.49.04:795][  0]LogInit: XAudio2 using 'Speakers (Realtek High Definition Audio(SST))' : 2 channels at 48 kHz using 32 bits per sample (channel mask 0x3)
[2020.10.16-13.49.05:336][  0]LogInit: FAudioDevice initialized.
[2020.10.16-13.49.05:337][  0]LogNetVersion: Set ProjectVersion to 1.0.0.0. Version Checksum will be recalculated on next use.
[2020.10.16-13.49.05:416][  0]LogDerivedDataCache: Saved boot cache 0.08s 73MB C:/Users/Strawberry/AppData/Local/UnrealEngine/4.23/DerivedDataCache/Boot.ddc.
[2020.10.16-13.49.05:426][  0]LogInit: Texture streaming: Enabled
[2020.10.16-13.49.05:474][  0]LogEngineSessionManager: EngineSessionManager initialized
[2020.10.16-13.49.05:474][  0]LogEditorSessionSummary: Verbose: Initializing EditorSessionSummaryWriter for editor session tracking
[2020.10.16-13.49.05:490][  0]LogEditorSessionSummary: EditorSessionSummaryWriter initialized
[2020.10.16-13.49.05:625][  0]LogInit: Transaction tracking system initialized
[2020.10.16-13.49.05:722][  0]BlueprintLog: New page: Editor Load
[2020.10.16-13.49.05:934][  0]LocalizationService: Localization service is disabled
[2020.10.16-13.49.06:340][  0]LogFileCache: Scanning file cache for directory 'C:/Users/Strawberry/Documents/Unreal Projects/Lab4/Content/' took 0.02s
[2020.10.16-13.49.06:340][  0]LogCook: Display: Max memory allowance for cook 16384mb min free memory 0mb
[2020.10.16-13.49.06:340][  0]LogCook: Display: Mobile HDR setting 1
[2020.10.16-13.49.06:629][  0]SourceControl: Source control is disabled
[2020.10.16-13.49.06:629][  0]Cmd: MAP LOAD FILE="../../../../../../Users/Strawberry/Documents/Unreal Projects/Lab4/Content/ThirdPersonBP/Maps/ThirdPersonExampleMap.umap" TEMPLATE=0 SHOWPROGRESS=1 FEATURELEVEL=3
[2020.10.16-13.49.06:630][  0]LightingResults: New page: Lighting Build
[2020.10.16-13.49.06:635][  0]LogWorld: UWorld::CleanupWorld for Untitled, bSessionEnded=true, bCleanupResources=true
[2020.10.16-13.49.06:635][  0]MapCheck: New page: Map Check
[2020.10.16-13.49.06:635][  0]LightingResults: New page: Lighting Build
[2020.10.16-13.49.06:660][  0]LogUObjectHash: Compacting FUObjectHashTables data took   1.77ms
[2020.10.16-13.49.06:913][  0]LogAIModule: Creating AISystem for world ThirdPersonExampleMap
[2020.10.16-13.49.06:923][  0]LogEditorServer: Finished looking for orphan Actors (0.000 secs)
[2020.10.16-13.49.06:948][  0]LogUObjectHash: Compacting FUObjectHashTables data took   1.98ms
[2020.10.16-13.49.06:948][  0]Cmd: MAP CHECKDEP NOCLEARLOG
[2020.10.16-13.49.06:948][  0]MapCheck: Map check complete: 0 Error(s), 0 Warning(s), took 0.232ms to complete.
[2020.10.16-13.49.06:948][  0]LogFileHelpers: Loading map 'ThirdPersonExampleMap' took 0.319
[2020.10.16-13.49.07:188][  0]LogSlate: Updating window title bar state: overlay mode, drag disabled, window buttons hidden, title bar hidden
[2020.10.16-13.49.07:199][  0]LogSlate: Updating window title bar state: overlay mode, drag disabled, window buttons hidden, title bar hidden
[2020.10.16-13.49.07:206][  0]LogSlate: Updating window title bar state: overlay mode, drag disabled, window buttons hidden, title bar hidden
[2020.10.16-13.49.07:214][  0]LogSlate: Updating window title bar state: overlay mode, drag disabled, window buttons hidden, title bar hidden
[2020.10.16-13.49.07:243][  0]LogCollectionManager: Loaded 0 collections in 0.003190 seconds
[2020.10.16-13.49.07:285][  0]LogFileCache: Scanning file cache for directory 'C:/Users/Strawberry/Documents/Unreal Projects/Lab4/Saved/Collections/' took 0.00s
[2020.10.16-13.49.07:285][  0]LogFileCache: Scanning file cache for directory 'C:/Users/Strawberry/Documents/Unreal Projects/Lab4/Content/Developers/Strawberry/Collections/' took 0.00s
[2020.10.16-13.49.07:285][  0]LogFileCache: Scanning file cache for directory 'C:/Users/Strawberry/Documents/Unreal Projects/Lab4/Content/Collections/' took 0.00s
[2020.10.16-13.49.07:285][  0]LogCollectionManager: Rebuilt the GUID cache for 0 collections in 0.000002 seconds
[2020.10.16-13.49.07:297][  0]LogContentBrowser: Native class hierarchy populated in 0.0094 seconds. Added 2863 classes and 680 folders.
[2020.10.16-13.49.07:325][  0]LogContentBrowser: Native class hierarchy updated for 'WidgetCarousel' in 0.0003 seconds. Added 0 classes and 0 folders.
[2020.10.16-13.49.07:878][  0]LogContentBrowser: Native class hierarchy updated for 'AddContentDialog' in 0.0002 seconds. Added 0 classes and 0 folders.
[2020.10.16-13.49.07:899][  0]LogContentBrowser: Native class hierarchy updated for 'SceneOutliner' in 0.0003 seconds. Added 1 classes and 2 folders.
[2020.10.16-13.49.08:206][  0]LogSlate: Took 0.001053 seconds to synchronously load lazily loaded font '../../../Engine/Content/Slate/Fonts/Roboto-Regular.ttf' (155K)
[2020.10.16-13.49.08:209][  0]LogSlate: Took 0.000944 seconds to synchronously load lazily loaded font '../../../Engine/Content/Slate/Fonts/Roboto-Bold.ttf' (160K)
[2020.10.16-13.49.08:226][  0]LogSlate: Took 0.008420 seconds to synchronously load lazily loaded font '../../../Engine/Content/Editor/Slate/Fonts/FontAwesome.ttf' (139K)
[2020.10.16-13.49.08:489][  0]LogRenderer: Reallocating scene render targets to support 836x316 Format 10 NumSamples 1 (Frame:1).
[2020.10.16-13.49.09:139][  0]LogContentBrowser: Native class hierarchy updated for 'HierarchicalLODOutliner' in 0.0003 seconds. Added 0 classes and 0 folders.
[2020.10.16-13.49.09:140][  0]LogLoad: (Engine Initialization) Total time: 15.78 seconds
[2020.10.16-13.49.09:140][  0]LogLoad: (Engine Initialization) Total Blueprint compile time: 0.00 seconds
[2020.10.16-13.49.09:296][  0]LogContentStreaming: Texture pool size now 1000 MB
[2020.10.16-13.49.09:793][  6]LogAssetRegistry: Asset discovery search completed in 9.1673 seconds
[2020.10.16-13.49.09:797][  6]LogCollectionManager: Rebuilt the object cache for 0 collections in 0.000004 seconds (found 0 objects)
[2020.10.16-13.49.09:797][  6]LogCollectionManager: Fixed up redirectors for 0 collections in 0.000056 seconds (updated 0 objects)
[2020.10.16-13.49.10:222][ 26]LogSlate: Took 0.009173 seconds to synchronously load lazily loaded font '../../../Engine/Content/Slate/Fonts/Roboto-Light.ttf' (167K)
[2020.10.16-13.49.12:761][164]LogSlate: FSceneViewport::OnFocusLost() reason 0
[2020.10.16-13.49.13:055][169]LogBlueprint: Warning: [Compiler TutorialCharacter_AnimBP2] 'Tutorial Character 2' does not inherit from 'Pawn' ( Cast To Tutorial_Character2  would always fail).
[2020.10.16-13.49.13:065][169]LogBlueprint: Warning: [Compiler TutorialCharacter_AnimBP2] 'Tutorial Character 2' does not inherit from 'Pawn' ( Cast To Tutorial_Character2  would always fail).
[2020.10.16-13.49.13:254][169]LogAssetEditorManager: Opening Asset editor for Blueprint /Game/BP_Character2/CharacterTutorial_BP2.CharacterTutorial_BP2
[2020.10.16-13.49.13:739][169]LogContentBrowser: Native class hierarchy updated for 'BlueprintGraph' in 0.0010 seconds. Added 121 classes and 0 folders.
[2020.10.16-13.49.14:870][169]LogAssetEditorManager: Opening Asset editor for Blueprint /Game/BP_Character2/Tutorial_Character2.Tutorial_Character2
[2020.10.16-13.49.15:284][169]LogAssetEditorManager: Opening Asset editor for Material /Game/MaterialForPickUp/object.object
[2020.10.16-13.49.15:292][169]LogMaterial: Display: Missing cached shader map for material object, compiling. 
[2020.10.16-13.49.16:397][169]LogMaterial: Display: Missing cached shader map for material object, compiling. 
[2020.10.16-13.49.16:416][169]LogMaterial: Display: Missing cached shader map for material object, compiling. 
[2020.10.16-13.49.16:476][169]LogShaderCompilers: Display: Worker (1/5): shaders left to compile 21
[2020.10.16-13.49.16:476][169]LogShaderCompilers: Display: Worker (2/5): shaders left to compile 20
[2020.10.16-13.49.16:476][169]LogShaderCompilers: Display: Worker (3/5): shaders left to compile 19
[2020.10.16-13.49.16:476][169]LogShaderCompilers: Display: Worker (4/5): shaders left to compile 18
[2020.10.16-13.49.16:540][169]LogAssetEditorManager: Opening Asset editor for AnimBlueprint /Game/BP_Character2/TutorialCharacter_AnimBP2.TutorialCharacter_AnimBP2
[2020.10.16-13.49.16:614][169]LogContentBrowser: Native class hierarchy updated for 'SkeletonEditor' in 0.0003 seconds. Added 1 classes and 2 folders.
[2020.10.16-13.49.16:736][169]LogActorComponent: RegisterComponentWithWorld: (/Engine/Transient.World_4:PersistentLevel.AnimationEditorPreviewActor_0.DebugSkelMeshComponent_0) Already registered. Aborting.
[2020.10.16-13.49.16:771][169]LogContentBrowser: Native class hierarchy updated for 'PinnedCommandList' in 0.0005 seconds. Added 1 classes and 0 folders.
[2020.10.16-13.49.17:876][169]LogShaderCompilers: Display: Worker (2/5): shaders left to compile 17
[2020.10.16-13.49.17:876][169]LogShaderCompilers: Display: Worker (3/5): shaders left to compile 16
[2020.10.16-13.49.17:876][169]LogShaderCompilers: Display: Worker (4/5): shaders left to compile 15
[2020.10.16-13.49.17:876][169]LogShaderCompilers: Display: Worker (1/5): shaders left to compile 14
[2020.10.16-13.49.17:876][169]LogShaderCompilers: Display: Worker (1/5): shaders left to compile 13
[2020.10.16-13.49.17:876][169]LogShaderCompilers: Display: Worker (2/5): shaders left to compile 12
[2020.10.16-13.49.17:876][169]LogShaderCompilers: Display: Worker (4/5): shaders left to compile 11
[2020.10.16-13.49.17:876][169]LogShaderCompilers: Display: Worker (3/5): shaders left to compile 10
[2020.10.16-13.49.17:877][169]LogShaderCompilers: Display: Worker (1/5): shaders left to compile 9
[2020.10.16-13.49.17:877][169]LogSkeletalMesh: USkeletalMeshComponent::InitArticulated : Bodies already created (/Engine/Transient.World_4:PersistentLevel.AnimationEditorPreviewActor_0.DebugSkelMeshComponent_0) - call TermArticulated first.
[2020.10.16-13.49.18:151][169]LogShaderCompilers: Display: Worker (3/5): shaders left to compile 8
[2020.10.16-13.49.18:310][169]LogShaderCompilers: Display: Worker (4/5): shaders left to compile 7
[2020.10.16-13.49.18:311][169]LogShaderCompilers: Display: Worker (2/5): shaders left to compile 6
[2020.10.16-13.49.18:311][169]LogShaderCompilers: Display: Worker (1/5): shaders left to compile 5
[2020.10.16-13.49.18:642][169]LogShaderCompilers: Display: Worker (3/5): shaders left to compile 4
[2020.10.16-13.49.18:642][169]LogShaderCompilers: Display: Worker (4/5): shaders left to compile 3
[2020.10.16-13.49.19:206][169]LogShaderCompilers: Display: Worker (2/5): shaders left to compile 2
[2020.10.16-13.49.19:206][169]LogShaderCompilers: Display: Worker (3/5): shaders left to compile 1
[2020.10.16-13.49.19:870][169]MaterialEditorStats: Base pass shader: 117 instructions
[2020.10.16-13.49.19:874][169]MaterialEditorStats: Base pass shader with Volumetric Lightmap: 191 instructions
[2020.10.16-13.49.19:874][169]MaterialEditorStats: Base pass vertex shader: 40 instructions
[2020.10.16-13.49.19:874][169]MaterialEditorStats: Texture samplers: 3/16
[2020.10.16-13.49.20:083][169]LogSlate: Took 0.008900 seconds to synchronously load lazily loaded font '../../../Engine/Content/Slate/Fonts/Roboto-BoldCondensed.ttf' (158K)
[2020.10.16-13.49.20:698][169]LogContentBrowser: Verbose: The majority of assets in the view are of type: AnimSequence
[2020.10.16-13.49.20:984][169]LogRenderer: Reallocating scene render targets to support 836x352 Format 10 NumSamples 1 (Frame:1).
[2020.10.16-13.49.21:423][170]LogSlate: Took 0.008005 seconds to synchronously load lazily loaded font '../../../Engine/Content/Slate/Fonts/Roboto-Italic.ttf' (157K)
[2020.10.16-13.52.49:806][728]LogMaterial: Display: Missing cached shader map for material object, compiling. 
[2020.10.16-13.52.49:853][728]LogShaderCompilers: Display: Worker (1/5): shaders left to compile 21
[2020.10.16-13.52.49:853][728]LogShaderCompilers: Display: Worker (2/5): shaders left to compile 20
[2020.10.16-13.52.49:853][728]LogShaderCompilers: Display: Worker (3/5): shaders left to compile 19
[2020.10.16-13.52.49:853][728]LogShaderCompilers: Display: Worker (4/5): shaders left to compile 18
[2020.10.16-13.52.49:853][728]LogMaterial: Display: Missing cached shader map for material FMatExpressionPreview MaterialExpressionConstant3Vector_0, compiling. 
[2020.10.16-13.52.50:894][754]LogShaderCompilers: Display: Worker (2/5): shaders left to compile 21
[2020.10.16-13.52.50:933][755]LogShaderCompilers: Display: Worker (3/5): shaders left to compile 20
[2020.10.16-13.52.50:933][755]LogShaderCompilers: Display: Worker (4/5): shaders left to compile 19
[2020.10.16-13.52.50:992][757]LogShaderCompilers: Display: Worker (1/5): shaders left to compile 18
[2020.10.16-13.52.51:287][764]LogShaderCompilers: Display: Worker (1/5): shaders left to compile 17
[2020.10.16-13.52.51:618][772]LogShaderCompilers: Display: Worker (2/5): shaders left to compile 16
[2020.10.16-13.52.51:680][774]LogShaderCompilers: Display: Worker (3/5): shaders left to compile 15
[2020.10.16-13.52.51:680][774]LogShaderCompilers: Display: Worker (4/5): shaders left to compile 14
[2020.10.16-13.52.51:834][778]LogShaderCompilers: Display: Worker (1/5): shaders left to compile 13
[2020.10.16-13.52.52:503][794]LogShaderCompilers: Display: Worker (4/5): shaders left to compile 12
[2020.10.16-13.52.53:444][817]LogShaderCompilers: Display: Worker (2/5): shaders left to compile 11
[2020.10.16-13.52.53:462][817]LogShaderCompilers: Display: Worker (3/5): shaders left to compile 10
[2020.10.16-13.52.53:822][826]LogShaderCompilers: Display: Worker (1/5): shaders left to compile 9
[2020.10.16-13.52.54:534][843]LogShaderCompilers: Display: Worker (2/5): shaders left to compile 8
[2020.10.16-13.52.54:610][845]LogShaderCompilers: Display: Worker (4/5): shaders left to compile 7
[2020.10.16-13.52.55:485][866]LogShaderCompilers: Display: Worker (3/5): shaders left to compile 6
[2020.10.16-13.52.55:571][868]LogShaderCompilers: Display: Worker (2/5): shaders left to compile 5
[2020.10.16-13.52.55:814][874]LogShaderCompilers: Display: Worker (1/5): shaders left to compile 4
[2020.10.16-13.52.56:026][879]LogShaderCompilers: Display: Worker (4/5): shaders left to compile 3
[2020.10.16-13.52.56:562][892]LogShaderCompilers: Display: Worker (2/5): shaders left to compile 2
[2020.10.16-13.52.57:238][908]LogShaderCompilers: Display: Worker (3/5): shaders left to compile 1
[2020.10.16-13.52.57:355][910]MaterialEditorStats: Base pass shader: 117 instructions
[2020.10.16-13.52.57:355][910]MaterialEditorStats: Base pass shader with Volumetric Lightmap: 191 instructions
[2020.10.16-13.52.57:355][910]MaterialEditorStats: Base pass vertex shader: 40 instructions
[2020.10.16-13.52.57:355][910]MaterialEditorStats: Texture samplers: 3/16
[2020.10.16-13.57.09:735][155]LogEditorSessionSummary: EditorSessionSummary sent report. Type=Shutdown, SessionId={DEF7C1C8-44F1-17CA-3FAC-07946BF28924}
[2020.10.16-13.59.09:873][686]LogEditorSessionSummary: EditorSessionSummary sent report. Type=Shutdown, SessionId={C90BDB22-4421-FB43-D916-2C8EB7AC19BD}
[2020.10.17-02.53.41:576][ 52]LogSlate: Took 0.035679 seconds to synchronously load lazily loaded font '../../../Engine/Content/Slate/Fonts/Roboto-Light.ttf' (167K)
[2020.10.17-03.00.49:870][950]LogSlate: Window 'Message' being destroyed
[2020.10.17-03.00.59:463][950]LogMaterial: Display: Missing cached shader map for material object, compiling. 
[2020.10.17-03.00.59:751][950]LogShaderCompilers: Display: Worker (1/5): shaders left to compile 21
[2020.10.17-03.00.59:752][950]LogShaderCompilers: Display: Worker (2/5): shaders left to compile 20
[2020.10.17-03.00.59:752][950]LogShaderCompilers: Display: Worker (3/5): shaders left to compile 19
[2020.10.17-03.00.59:752][950]LogShaderCompilers: Display: Worker (4/5): shaders left to compile 18
[2020.10.17-03.00.59:973][950]LogMaterial: Display: Missing cached shader map for material object, compiling. 
[2020.10.17-03.01.00:165][950]LogMaterial: Display: Missing cached shader map for material object, compiling. 
[2020.10.17-03.01.01:553][950]LogShaderCompilers: Display: Worker (4/5): shaders left to compile 39
[2020.10.17-03.01.01:553][950]LogShaderCompilers: Display: Worker (3/5): shaders left to compile 38
[2020.10.17-03.01.01:553][950]LogShaderCompilers: Display: Worker (1/5): shaders left to compile 37
[2020.10.17-03.01.01:553][950]LogShaderCompilers: Display: Worker (2/5): shaders left to compile 36
[2020.10.17-03.01.01:553][950]LogShaderCompilers: Display: Worker (2/5): shaders left to compile 35
[2020.10.17-03.01.01:553][950]LogShaderCompilers: Display: Worker (4/5): shaders left to compile 34
[2020.10.17-03.01.01:553][950]LogShaderCompilers: Display: Worker (3/5): shaders left to compile 33
[2020.10.17-03.01.01:553][950]LogShaderCompilers: Display: Worker (1/5): shaders left to compile 32
[2020.10.17-03.01.01:948][950]LogShaderCompilers: Display: Worker (2/5): shaders left to compile 31
[2020.10.17-03.01.01:948][950]LogShaderCompilers: Display: Worker (1/5): shaders left to compile 30
[2020.10.17-03.01.01:948][950]LogUObjectHash: Compacting FUObjectHashTables data took  97.63ms
[2020.10.17-03.01.01:984][950]LogMaterial: Display: Missing cached shader map for material DebugViewMode MaterialTexCoordScale, compiling. 
[2020.10.17-03.01.03:728][950]LogShaderCompilers: Display: Worker (4/5): shaders left to compile 31
[2020.10.17-03.01.03:728][950]LogShaderCompilers: Display: Worker (3/5): shaders left to compile 30
[2020.10.17-03.01.03:728][950]LogShaderCompilers: Display: Worker (2/5): shaders left to compile 29
[2020.10.17-03.01.03:729][950]LogShaderCompilers: Display: Worker (4/5): shaders left to compile 28
[2020.10.17-03.01.03:729][950]LogShaderCompilers: Display: Worker (1/5): shaders left to compile 27
[2020.10.17-03.01.03:729][950]LogShaderCompilers: Display: Worker (3/5): shaders left to compile 26
[2020.10.17-03.01.03:729][950]LogShaderCompilers: Display: Worker (4/5): shaders left to compile 25
[2020.10.17-03.01.03:729][950]LogShaderCompilers: Display: Worker (2/5): shaders left to compile 24
[2020.10.17-03.01.03:729][950]LogShaderCompilers: Display: Worker (1/5): shaders left to compile 23
[2020.10.17-03.01.03:729][950]LogShaderCompilers: Display: Worker (2/5): shaders left to compile 22
[2020.10.17-03.01.03:729][950]LogShaderCompilers: Display: Worker (4/5): shaders left to compile 16
[2020.10.17-03.01.03:729][950]LogShaderCompilers: Display: Worker (3/5): shaders left to compile 11
[2020.10.17-03.01.03:729][950]LogShaderCompilers: Display: Worker (1/5): shaders left to compile 8
[2020.10.17-03.01.03:739][950]TextureStreamingBuild: Display: Compiling optional shaders took 1.780 seconds.
[2020.10.17-03.01.03:831][950]LogUObjectHash: Compacting FUObjectHashTables data took   6.59ms
[2020.10.17-03.01.04:102][950]LogWorld: UWorld::CleanupWorld for World_2, bSessionEnded=true, bCleanupResources=true
[2020.10.17-03.01.07:318][ 14]LogShaderCompilers: Display: Worker (3/5): shaders left to compile 5
[2020.10.17-03.01.07:380][ 16]LogShaderCompilers: Display: Worker (2/5): shaders left to compile 3
[2020.10.17-03.01.07:672][ 25]LogShaderCompilers: Display: Worker (1/5): shaders left to compile 2
[2020.10.17-03.01.07:876][ 30]LogShaderCompilers: Display: Worker (4/5): shaders left to compile 1
[2020.10.17-03.01.07:876][ 30]LogWorld: UWorld::CleanupWorld for World_1, bSessionEnded=true, bCleanupResources=true
[2020.10.17-03.01.08:207][ 30]LogAssetEditorManager: Opening Asset editor for Blueprint /Game/BP_Character2/Tutorial_Character2.Tutorial_Character2
[2020.10.17-03.01.11:629][ 31]LogUObjectHash: Compacting FUObjectHashTables data took  12.54ms
[2020.10.17-03.01.11:630][ 31]LogFileHelpers: Editor autosave (incl. sublevels) for '/Game/ThirdPersonBP/Maps/ThirdPersonExampleMap' took 0.193
[2020.10.17-03.01.11:649][ 31]OBJ SavePackage: Generating thumbnails for [1] asset(s) in package [/Game/MaterialForPickUp/object] ([1] browsable assets)...
[2020.10.17-03.01.11:741][ 31]OBJ SavePackage:     Rendered thumbnail for [Material /Game/MaterialForPickUp/object.object]
[2020.10.17-03.01.11:741][ 31]OBJ SavePackage: Finished generating thumbnails for package [/Game/MaterialForPickUp/object]
[2020.10.17-03.01.12:102][ 31]LogSavePackage: Moving '../../../../../../Users/Strawberry/Documents/Unreal Projects/Lab4/Saved/object_Auto17F94FE8A490616D08D249CB6BAD6D067.tmp' to '../../../../../../Users/Strawberry/Documents/Unreal Projects/Lab4/Saved/Autosaves/Game/MaterialForPickUp/object_Auto1.uasset'
[2020.10.17-03.01.12:113][ 31]LogFileHelpers: Auto-saving content packages took 0.478
[2020.10.17-03.01.24:207][391]LogSlate: Window 'CharacterTutorial_BP2' being destroyed
[2020.10.17-03.01.26:965][483]LogSlate: Window 'CharacterTutorial_BP2' being destroyed
[2020.10.17-03.01.30:531][645]LogSlate: Window 'Tutorial_Character2' being destroyed
[2020.10.17-03.01.47:683][356]LogUObjectHash: Compacting FUObjectHashTables data took   4.79ms
[2020.10.17-03.01.47:714][356]Cmd: OBJ SAVEPACKAGE PACKAGE="/Game/MaterialForPickUp/object" FILE="../../../../../../Users/Strawberry/Documents/Unreal Projects/Lab4/Content/MaterialForPickUp/object.uasset" SILENT=true
[2020.10.17-03.01.47:799][356]LogSavePackage: Moving '../../../../../../Users/Strawberry/Documents/Unreal Projects/Lab4/Saved/object2A7D523E41BEBAADFF4E10A55FD5D3F1.tmp' to '../../../../../../Users/Strawberry/Documents/Unreal Projects/Lab4/Content/MaterialForPickUp/object.uasset'
